1    1.4289    1.4289    0
2    1.42928    1.42909    0.000133252
3    1.42946    1.42921    0.000135488
4    1.42915    1.4292    0.000102619
5    1.42942    1.42924    9.15983e-05
6    1.42934    1.42926    7.79292e-05
7    1.42899    1.42922    7.58655e-05
8    1.42932    1.42923    6.7475e-05
9    1.42904    1.42921    6.33852e-05
10    1.429    1.42919    6.05894e-05
11    1.42937    1.42921    5.73038e-05
12    1.42949    1.42923    5.73402e-05
13    1.42902    1.42921    5.5121e-05
14    1.42919    1.42921    5.12064e-05
15    1.42928    1.42922    4.7998e-05
16    1.42913    1.42921    4.53258e-05
17    1.42934    1.42922    4.3319e-05
18    1.42941    1.42923    4.21741e-05
19    1.43005    1.42927    5.81746e-05
20    1.42832    1.42923    7.21637e-05
21    1.4296    1.42924    7.08658e-05
22    1.42913    1.42924    6.78232e-05
23    1.42891    1.42922    6.63565e-05
24    1.42913    1.42922    6.37012e-05
25    1.42931    1.42922    6.12601e-05
26    1.42919    1.42922    5.89203e-05
27    1.42904    1.42922    5.71384e-05
28    1.42899    1.42921    5.56854e-05
29    1.42947    1.42922    5.45207e-05
30    1.42924    1.42922    5.271e-05
31    1.42895    1.42921    5.16976e-05
32    1.42905    1.4292    5.03329e-05
33    1.4293    1.42921    4.89004e-05
34    1.42934    1.42921    4.76178e-05
35    1.42972    1.42922    4.84075e-05
36    1.42922    1.42922    4.70631e-05
37    1.42886    1.42921    4.67897e-05
38    1.42946    1.42922    4.60027e-05
39    1.42968    1.42923    4.62853e-05
40    1.42946    1.42924    4.54845e-05
41    1.42899    1.42923    4.47714e-05
42    1.4296    1.42924    4.45627e-05
43    1.42932    1.42924    4.35617e-05
44    1.42933    1.42925    4.26119e-05
45    1.4292    1.42924    4.16772e-05
46    1.42913    1.42924    4.08427e-05
47    1.42926    1.42924    3.99754e-05
48    1.42941    1.42925    3.93032e-05
49    1.42929    1.42925    3.85095e-05
50    1.42896    1.42924    3.81587e-05
51    1.4292    1.42924    3.74201e-05
52    1.42962    1.42925    3.74006e-05
53    1.42901    1.42924    3.69668e-05
54    1.42903    1.42924    3.64947e-05
55    1.42969    1.42925    3.67228e-05
56    1.42854    1.42923    3.81844e-05
57    1.42944    1.42924    3.76917e-05
58    1.42921    1.42924    3.70442e-05
59    1.42929    1.42924    3.64256e-05
60    1.42947    1.42924    3.60162e-05
61    1.42937    1.42924    3.54836e-05
62    1.42908    1.42924    3.50053e-05
63    1.42938    1.42924    3.45206e-05
64    1.42937    1.42925    3.40368e-05
65    1.42982    1.42925    3.4633e-05
66    1.42929    1.42926    3.41121e-05
67    1.42939    1.42926    3.36582e-05
68    1.42914    1.42926    3.32047e-05
69    1.4295    1.42926    3.29129e-05
70    1.42977    1.42927    3.32532e-05
71    1.42889    1.42926    3.32067e-05
72    1.42963    1.42927    3.31481e-05
73    1.42896    1.42926    3.29555e-05
74    1.42928    1.42926    3.25113e-05
75    1.42935    1.42926    3.21004e-05
76    1.4299    1.42927    3.27363e-05
77    1.42896    1.42927    3.25544e-05
78    1.42929    1.42927    3.21389e-05
79    1.42957    1.42927    3.19595e-05
80    1.4292    1.42927    3.15736e-05
81    1.42944    1.42927    3.12525e-05
82    1.42928    1.42927    3.08714e-05
83    1.42922    1.42927    3.05066e-05
84    1.42966    1.42928    3.04848e-05
85    1.42902    1.42927    3.02751e-05
86    1.42915    1.42927    2.99565e-05
87    1.42902    1.42927    2.97577e-05
88    1.42938    1.42927    2.94444e-05
89    1.42918    1.42927    2.91328e-05
90    1.42917    1.42927    2.8829e-05
91    1.42898    1.42927    2.86821e-05
92    1.42904    1.42926    2.84724e-05
93    1.42917    1.42926    2.81833e-05
94    1.42954    1.42927    2.80336e-05
95    1.42905    1.42926    2.78306e-05
96    1.42964    1.42927    2.78128e-05
97    1.42861    1.42926    2.83267e-05
98    1.42925    1.42926    2.80379e-05
99    1.42974    1.42926    2.81743e-05
100    1.42915    1.42926    2.79177e-05
