1    1.82342    1.82342    0
2    1.84735    1.83539    0.0084605
3    1.83442    1.83507    0.00564644
4    1.84002    1.83631    0.00436847
5    1.84244    1.83753    0.00366288
6    1.83626    1.83732    0.00305858
7    1.8411    1.83786    0.0026689
8    1.85379    1.83985    0.00298717
9    1.86184    1.84229    0.00351512
10    1.87712    1.84578    0.00457396
11    1.88992    1.84979    0.00565063
12    1.86343    1.85093    0.00529277
13    1.85856    1.85151    0.00491812
14    1.87414    1.85313    0.00482505
15    1.87266    1.85443    0.0046757
16    1.87449    1.85568    0.00454847
17    1.87604    1.85688    0.0044357
18    1.85003    1.8565    0.00420556
19    1.79384    1.8532    0.00511635
20    1.83252    1.85217    0.00496397
21    1.83686    1.85144    0.00478084
22    1.80348    1.84926    0.00503616
23    1.83928    1.84883    0.00483584
24    1.84933    1.84885    0.00463439
25    1.84491    1.84869    0.0044517
26    1.8272    1.84786    0.00435656
27    1.85002    1.84794    0.00419594
28    1.86143    1.84842    0.00407364
29    1.8663    1.84904    0.00397953
30    1.83652    1.84862    0.00386869
31    1.86038    1.849    0.00376244
32    1.87208    1.84972    0.00371333
33    1.88695    1.85085    0.00376822
34    1.87029    1.85142    0.00370049
35    1.84827    1.85133    0.00359586
36    1.81282    1.85026    0.00365168
37    1.82519    1.84959    0.00361531
38    1.84409    1.84944    0.00352306
39    1.80656    1.84834    0.00360019
40    1.75502    1.84601    0.00419864
41    1.78548    1.84453    0.00434806
42    1.76435    1.84262    0.00464476
43    1.74588    1.84037    0.00505235
44    1.73875    1.83806    0.00543986
45    1.73178    1.8357    0.00580911
46    1.74045    1.83363    0.00604062
47    1.74323    1.83171    0.00621077
48    1.73026    1.82959    0.00643097
49    1.72167    1.82739    0.00666626
50    1.74218    1.82569    0.00674725
51    1.76467    1.82449    0.00672018
52    1.73914    1.82285    0.00678842
53    1.75105    1.8215    0.00679418
54    1.76672    1.82048    0.00674367
55    1.7711    1.81958    0.00668054
56    1.77294    1.81875    0.00661298
57    1.80998    1.8186    0.00649875
58    1.79281    1.81815    0.0064019
59    1.79998    1.81784    0.00630079
60    1.79303    1.81743    0.00620934
61    1.76962    1.81665    0.0061568
62    1.78099    1.81607    0.0060843
63    1.8008    1.81583    0.00599255
64    1.79098    1.81544    0.00591148
65    1.75583    1.81452    0.00589123
66    1.74561    1.81348    0.00589377
67    1.7365    1.81233    0.00591674
68    1.75099    1.81143    0.00589809
69    1.75459    1.8106    0.00586985
70    1.71425    1.80923    0.00594519
71    1.7189    1.80796    0.00599603
72    1.72928    1.80686    0.00601149
73    1.73627    1.8059    0.00600641
74    1.75064    1.80515    0.00597147
75    1.76139    1.80457    0.00592029
76    1.73226    1.80361    0.00591835
77    1.73096    1.80267    0.00591623
78    1.74987    1.80199    0.00587899
79    1.74584    1.80128    0.00584739
80    1.73387    1.80044    0.0058347
81    1.73444    1.79963    0.00581928
82    1.72792    1.79875    0.00581365
83    1.73908    1.79803    0.0057879
84    1.73051    1.79723    0.00577454
85    1.71839    1.7963    0.00578061
86    1.74291    1.79568    0.00574664
87    1.76074    1.79528    0.00569461
88    1.7643    1.79493    0.00564077
89    1.76379    1.79458    0.00558822
90    1.76503    1.79425    0.00553576
91    1.78374    1.79413    0.00547613
92    1.81083    1.79431    0.00541962
93    1.82594    1.79465    0.005372
94    1.8158    1.79488    0.00531956
95    1.81136    1.79505    0.00526639
96    1.79587    1.79506    0.00521154
97    1.81949    1.79531    0.00516389
98    1.83423    1.79571    0.00512645
99    1.82797    1.79604    0.00508501
100    1.77809    1.79586    0.00503732
