1    0.0490082    0.0490082    0
2    0.0439336    0.0464709    0.00179414
3    0.0490035    0.0473151    0.00138049
4    0.0496792    0.0479061    0.00115497
5    0.0504547    0.0484159    0.00103033
6    0.0533577    0.0492395    0.00114128
7    0.0536142    0.0498645    0.00113654
8    0.0526202    0.0502089    0.00104538
9    0.0528496    0.0505023    0.000969524
10    0.0513559    0.0505877    0.000876321
11    0.0514238    0.0506637    0.000799945
12    0.0601673    0.0514557    0.00105482
13    0.0608623    0.0521792    0.00119639
14    0.0548226    0.0523681    0.00112574
15    0.0520149    0.0523445    0.00105093
16    0.0477489    0.0520573    0.00102375
17    0.044955    0.0516395    0.0010453
18    0.0513855    0.0516254    0.000987325
19    0.0658849    0.0523759    0.00118681
20    0.0559732    0.0525558    0.00114101
21    0.0538738    0.0526185    0.0010884
22    0.0605098    0.0529772    0.00109645
23    0.0493133    0.0528179    0.00106028
24    0.0439613    0.0524489    0.00107841
25    0.0447455    0.0521408    0.0010784
26    0.0502159    0.0520667    0.00103946
27    0.0477182    0.0519057    0.00101336
28    0.0491097    0.0518058    0.000982079
29    0.0543677    0.0518942    0.000952179
30    0.0664542    0.0523795    0.00103678
31    0.0613064    0.0526675    0.00104256
32    0.0552214    0.0527473    0.00101303
33    0.0495869    0.0526515    0.000986846
34    0.0529942    0.0526616    0.000957872
35    0.0579289    0.0528121    0.000942253
36    0.0622631    0.0530746    0.000951949
37    0.0524615    0.053058    0.000926365
38    0.0422921    0.0527747    0.000944317
39    0.0483839    0.0526621    0.000926791
40    0.0578458    0.0527917    0.000912636
41    0.0468833    0.0526476    0.000901683
42    0.0481431    0.0525404    0.00088657
43    0.0492299    0.0524634    0.000869288
44    0.0470776    0.052341    0.000858106
45    0.0449312    0.0521763    0.000854689
46    0.0405156    0.0519228    0.000872892
47    0.0404188    0.0516781    0.000887974
48    0.0468602    0.0515777    0.000875129
49    0.0520736    0.0515878    0.000857328
50    0.0484473    0.051525    0.000842479
51    0.0448868    0.0513948    0.000835954
52    0.0547413    0.0514592    0.000822351
53    0.0562304    0.0515492    0.000811748
54    0.0550802    0.0516146    0.000799345
55    0.0558643    0.0516919    0.000788537
56    0.0544336    0.0517408    0.000775974
57    0.0451824    0.0516258    0.000770844
58    0.0505235    0.0516068    0.000757788
59    0.0526998    0.0516253    0.00074517
60    0.0592411    0.0517522    0.000743483
61    0.0673307    0.0520076    0.000773915
62    0.0623852    0.052175    0.000779322
63    0.0521706    0.0521749    0.000766952
64    0.0491116    0.052127    0.000756461
65    0.0538855    0.0521541    0.000745306
66    0.0530437    0.0521676    0.000734136
67    0.0505566    0.0521435    0.000723572
68    0.042186    0.0519971    0.000727598
69    0.0395668    0.051817    0.000739019
70    0.050983    0.051805    0.000728557
71    0.0514606    0.0518002    0.000718312
72    0.0494107    0.051767    0.000709102
73    0.0467161    0.0516978    0.000702756
74    0.0432844    0.0515841    0.000702396
75    0.0444662    0.0514892    0.000699413
76    0.0571862    0.0515642    0.000694215
77    0.0603981    0.0516789    0.000694615
78    0.0550268    0.0517218    0.000687034
79    0.0538044    0.0517482    0.000678843
80    0.052747    0.0517607    0.000670472
81    0.0477951    0.0517117    0.00066398
82    0.0448964    0.0516286    0.000661064
83    0.0401772    0.0514906    0.000667341
84    0.0435612    0.0513962    0.00066604
85    0.0485735    0.051363    0.000659032
86    0.0445049    0.0512833    0.000656175
87    0.0425963    0.0511834    0.000656186
88    0.0462653    0.0511275    0.000651105
89    0.0515859    0.0511327    0.00064381
90    0.0547819    0.0511732    0.000637932
91    0.0512791    0.0511744    0.000630923
92    0.04447    0.0511015    0.000628259
93    0.0419482    0.0510031    0.000629166
94    0.0482344    0.0509736    0.000623162
95    0.0534576    0.0509998    0.000617151
96    0.0580698    0.0510734    0.0006151
97    0.0492965    0.0510551    0.000609032
98    0.0432671    0.0509757    0.00060798
99    0.0466326    0.0509318    0.000603419
100    0.0593699    0.0510162    0.000603256
