1    1.21562    1.21562    0
2    1.23157    1.22359    0.00564033
3    1.22295    1.22338    0.00376429
4    1.22668    1.2242    0.00291231
5    1.22829    1.22502    0.00244192
6    1.22417    1.22488    0.00203905
7    1.2274    1.22524    0.00177926
8    1.23586    1.22657    0.00199145
9    1.24123    1.2282    0.00234342
10    1.25141    1.23052    0.0030493
11    1.25995    1.23319    0.00376709
12    1.24228    1.23395    0.00352851
13    1.23904    1.23434    0.00327874
14    1.24943    1.23542    0.0032167
15    1.24844    1.23629    0.00311713
16    1.24966    1.23712    0.00303231
17    1.25069    1.23792    0.00295713
18    1.23335    1.23767    0.00280371
19    1.1959    1.23547    0.0034109
20    1.22168    1.23478    0.00330931
21    1.22457    1.23429    0.00318723
22    1.20232    1.23284    0.00335744
23    1.22619    1.23255    0.00322389
24    1.23289    1.23256    0.00308959
25    1.22994    1.23246    0.0029678
26    1.21813    1.23191    0.00290437
27    1.23335    1.23196    0.00279729
28    1.24095    1.23228    0.00271576
29    1.2442    1.23269    0.00265302
30    1.22435    1.23242    0.00257913
31    1.24025    1.23267    0.00250829
32    1.24805    1.23315    0.00247555
33    1.25796    1.2339    0.00251215
34    1.24686    1.23428    0.00246699
35    1.23218    1.23422    0.00239724
36    1.20854    1.23351    0.00243445
37    1.21679    1.23306    0.00241021
38    1.2294    1.23296    0.00234871
39    1.20438    1.23223    0.00240012
40    1.17001    1.23067    0.00279909
41    1.19032    1.22969    0.00289871
42    1.17623    1.22842    0.00309651
43    1.16392    1.22692    0.00336823
44    1.15917    1.22538    0.00362657
45    1.15452    1.2238    0.00387274
46    1.1603    1.22242    0.00402708
47    1.16215    1.22114    0.00414051
48    1.1535    1.21973    0.00428732
49    1.14778    1.21826    0.00444417
50    1.16146    1.21713    0.00449817
51    1.17645    1.21633    0.00448012
52    1.15943    1.21523    0.00452561
53    1.16736    1.21433    0.00452945
54    1.17781    1.21365    0.00449578
55    1.18074    1.21306    0.0044537
56    1.18196    1.2125    0.00440865
57    1.20665    1.2124    0.0043325
58    1.1952    1.2121    0.00426793
59    1.19999    1.2119    0.00420053
60    1.19535    1.21162    0.00413956
61    1.17975    1.2111    0.00410454
62    1.18733    1.21071    0.0040562
63    1.20053    1.21055    0.00399503
64    1.19399    1.21029    0.00394099
65    1.17055    1.20968    0.00392749
66    1.16374    1.20899    0.00392918
67    1.15767    1.20822    0.00394449
68    1.16733    1.20762    0.00393206
69    1.16973    1.20707    0.00391323
70    1.14284    1.20615    0.00396346
71    1.14593    1.2053    0.00399735
72    1.15285    1.20458    0.00400766
73    1.15751    1.20393    0.00400427
74    1.1671    1.20343    0.00398098
75    1.17426    1.20304    0.00394686
76    1.15484    1.20241    0.00394556
77    1.15397    1.20178    0.00394415
78    1.16658    1.20133    0.00391932
79    1.16389    1.20086    0.00389826
80    1.15591    1.20029    0.0038898
81    1.15629    1.19975    0.00387952
82    1.15195    1.19917    0.00387577
83    1.15938    1.19869    0.0038586
84    1.15367    1.19815    0.00384969
85    1.14559    1.19753    0.00385374
86    1.16194    1.19712    0.0038311
87    1.17383    1.19685    0.0037964
88    1.1762    1.19662    0.00376051
89    1.17586    1.19638    0.00372548
90    1.17669    1.19617    0.00369051
91    1.18916    1.19609    0.00365076
92    1.20722    1.19621    0.00361308
93    1.21729    1.19644    0.00358133
94    1.21053    1.19659    0.00354637
95    1.20757    1.1967    0.00351093
96    1.19724    1.19671    0.00347436
97    1.21299    1.19688    0.00344259
98    1.22282    1.19714    0.00341763
99    1.21864    1.19736    0.00339001
100    1.18539    1.19724    0.00335822
