1    -0.394526    -0.394526    0
2    -0.418079    -0.406302    0.00832725
3    -0.404962    -0.405856    0.00556348
4    -0.410874    -0.40711    0.00431176
5    -0.413015    -0.408291    0.00360752
6    -0.406911    -0.408061    0.00301359
7    -0.412114    -0.40864    0.0026381
8    -0.424467    -0.410619    0.00295857
9    -0.432802    -0.413083    0.0035095
10    -0.44812    -0.416587    0.00458523
11    -0.460547    -0.420583    0.0056475
12    -0.433931    -0.421696    0.00528529
13    -0.429539    -0.422299    0.00491304
14    -0.444947    -0.423917    0.00482109
15    -0.443375    -0.425214    0.00467094
16    -0.445365    -0.426473    0.00454562
17    -0.446696    -0.427663    0.00443115
18    -0.420623    -0.427272    0.0042022
19    -0.363788    -0.423931    0.00514051
20    -0.404198    -0.422944    0.00497727
21    -0.407259    -0.422197    0.00479597
22    -0.374344    -0.420022    0.00504717
23    -0.410374    -0.419603    0.00484513
24    -0.420201    -0.419627    0.00464332
25    -0.415593    -0.419466    0.00446039
26    -0.398009    -0.418641    0.00436451
27    -0.420986    -0.418728    0.00420373
28    -0.432446    -0.419218    0.00408205
29    -0.436826    -0.419825    0.00398619
30    -0.407282    -0.419407    0.00387518
31    -0.431428    -0.419795    0.00376953
32    -0.443035    -0.420521    0.00372103
33    -0.457641    -0.421646    0.00377447
34    -0.440948    -0.422213    0.00370591
35    -0.418549    -0.422109    0.0036015
36    -0.383598    -0.421039    0.00365688
37    -0.396326    -0.420371    0.00361853
38    -0.414634    -0.42022    0.00352645
39    -0.376887    -0.419109    0.00360683
40    -0.325556    -0.41677    0.00420717
41    -0.356485    -0.4153    0.00435392
42    -0.33475    -0.413382    0.00465352
43    -0.316561    -0.41113    0.0050608
44    -0.309426    -0.408819    0.00544813
45    -0.302583    -0.406458    0.00581611
46    -0.311317    -0.40439    0.00604626
47    -0.313972    -0.402466    0.00621613
48    -0.300841    -0.400349    0.00643709
49    -0.292382    -0.398145    0.00667219
50    -0.313221    -0.396447    0.00675147
51    -0.335476    -0.395251    0.0067241
52    -0.309525    -0.393603    0.00679388
53    -0.322039    -0.392252    0.00679855
54    -0.337689    -0.391242    0.00674732
55    -0.341419    -0.390336    0.00668518
56    -0.344397    -0.389516    0.00661594
57    -0.380535    -0.389358    0.00650175
58    -0.363593    -0.388914    0.0064048
59    -0.370698    -0.388605    0.00630369
60    -0.36356    -0.388188    0.00621243
61    -0.340258    -0.387402    0.00616007
62    -0.351907    -0.38683    0.00608726
63    -0.371416    -0.386585    0.00599555
64    -0.361613    -0.386195    0.00591456
65    -0.326014    -0.385269    0.00589558
66    -0.316324    -0.384224    0.00589808
67    -0.307114    -0.383073    0.00592127
68    -0.321845    -0.382173    0.00590226
69    -0.325092    -0.381346    0.00587441
70    -0.28448    -0.379962    0.00595124
71    -0.290013    -0.378695    0.00600075
72    -0.299647    -0.377597    0.006017
73    -0.307311    -0.376634    0.00601112
74    -0.321361    -0.375887    0.00597611
75    -0.332033    -0.375303    0.00592497
76    -0.302364    -0.374343    0.00592423
77    -0.301992    -0.373403    0.00592133
78    -0.320574    -0.372726    0.00588403
79    -0.316265    -0.372011    0.00585279
80    -0.304673    -0.37117    0.00583984
81    -0.304999    -0.370353    0.00582461
82    -0.298641    -0.369478    0.00581886
83    -0.309857    -0.36876    0.00579292
84    -0.300853    -0.367951    0.00578009
85    -0.28937    -0.367027    0.00578555
86    -0.313754    -0.366408    0.00575134
87    -0.331724    -0.366009    0.00569903
88    -0.334923    -0.365656    0.00564521
89    -0.334617    -0.365307    0.00559254
90    -0.335862    -0.36498    0.00553996
91    -0.354761    -0.364867    0.00548022
92    -0.381783    -0.365051    0.00542374
93    -0.396769    -0.365392    0.00537613
94    -0.386262    -0.365614    0.00532352
95    -0.382307    -0.36579    0.00527038
96    -0.366228    -0.365795    0.00521548
97    -0.390877    -0.366053    0.00516812
98    -0.404986    -0.36645    0.00513063
99    -0.398225    -0.366771    0.00508884
100    -0.348946    -0.366593    0.00504107
