1    -4.99876    -4.99876    0
2    -5.00673    -5.00274    0.00281791
3    -4.96465    -4.99004    0.0105365
4    -4.96107    -4.9828    0.01009
5    -4.89544    -4.96533    0.0175885
6    -4.96498    -4.96527    0.0146572
7    -4.98238    -4.96772    0.0127656
8    -5.07015    -4.98052    0.0163775
9    -5.0608    -4.98944    0.0168122
10    -4.9788    -4.98837    0.0151646
11    -5.00434    -4.98983    0.0138553
12    -5.01337    -4.99179    0.0128388
13    -5.01194    -4.99334    0.0119444
14    -4.95179    -4.99037    0.0114539
15    -5.03858    -4.99358    0.0111321
16    -4.99582    -4.99372    0.0104373
17    -5.03086    -4.99591    0.0100492
18    -5.09006    -5.00114    0.0107664
19    -5.14345    -5.00863    0.0125375
20    -5.08137    -5.01227    0.012427
21    -4.9942    -5.01141    0.011865
22    -5.07262    -5.01419    0.0116473
23    -5.05257    -5.01586    0.0112598
24    -5.07189    -5.01819    0.01103
25    -5.02748    -5.01856    0.0105951
26    -5.03083    -5.01903    0.0101981
27    -4.98495    -5.01777    0.00989818
28    -4.94725    -5.01525    0.0098599
29    -4.89057    -5.01095    0.0104152
30    -4.96454    -5.00941    0.0101823
31    -5.06494    -5.0112    0.0100102
32    -5.11115    -5.01432    0.010173
33    -5.02262    -5.01457    0.0098678
34    -5.00018    -5.01415    0.00958664
35    -5.165    -5.01846    0.0102358
36    -4.99225    -5.01773    0.00997734
37    -5.08588    -5.01957    0.00987623
38    -4.96079    -5.01803    0.00973674
39    -5.04265    -5.01866    0.00950754
40    -4.87055    -5.01496    0.00996483
41    -4.95866    -5.01358    0.00981593
42    -4.93837    -5.01179    0.00974419
43    -4.98398    -5.01115    0.00953902
44    -5.04031    -5.01181    0.00934524
45    -5.02518    -5.01211    0.00914229
46    -5.03842    -5.01268    0.00896143
47    -5.07443    -5.01399    0.00886655
48    -5.05557    -5.01486    0.00872404
49    -5.03637    -5.0153    0.00855704
50    -5.01421    -5.01527    0.00838592
51    -4.88424    -5.01271    0.00860608
52    -5.0154    -5.01276    0.00844074
53    -5.02035    -5.0129    0.00828269
54    -4.9932    -5.01254    0.00813734
55    -4.97653    -5.01188    0.00801567
56    -4.8976    -5.00984    0.00812817
57    -4.95021    -5.00879    0.00805261
58    -4.92028    -5.00727    0.00805708
59    -5.03058    -5.00766    0.0079302
60    -4.85056    -5.00504    0.00821895
61    -4.91594    -5.00358    0.00821299
62    -4.87442    -5.0015    0.00834055
63    -5.09854    -5.00304    0.00834916
64    -5.0023    -5.00303    0.00821872
65    -4.99165    -5.00285    0.00809414
66    -5.07873    -5.004    0.00805272
67    -5.10922    -5.00557    0.00808421
68    -5.06203    -5.0064    0.00800784
69    -5.17918    -5.00891    0.00827402
70    -5.06932    -5.00977    0.00820071
71    -5.05823    -5.01045    0.00811355
72    -5.11665    -5.01193    0.00813382
73    -4.92953    -5.0108    0.00810034
74    -4.99857    -5.01064    0.00799256
75    -5.09689    -5.01179    0.00796832
76    -5.08754    -5.01278    0.00792558
77    -5.04786    -5.01324    0.00783573
78    -5.11027    -5.01448    0.0078334
79    -5.17062    -5.01646    0.00797968
80    -5.07716    -5.01722    0.00791593
81    -4.9902    -5.01688    0.00782522
82    -4.93843    -5.01593    0.00778806
83    -5.11174    -5.01708    0.00777931
84    -4.93188    -5.01607    0.00775254
85    -5.01551    -5.01606    0.00766133
86    -5.09715    -5.017    0.00763005
87    -5.04398    -5.01731    0.00754864
88    -5.02734    -5.01743    0.00746372
89    -5.06398    -5.01795    0.00739817
90    -5.17443    -5.01969    0.00751749
91    -4.99586    -5.01943    0.00743944
92    -5.04837    -5.01974    0.00736523
93    -5.13524    -5.02098    0.00739001
94    -5.15803    -5.02244    0.00745382
95    -5.10088    -5.02327    0.00742095
96    -4.99792    -5.023    0.00734834
97    -5.02418    -5.02302    0.0072726
98    -5.06057    -5.0234    0.00720848
99    -5.05111    -5.02368    0.0071411
100    -5.0396    -5.02384    0.00707146
