1    -3.3744    -3.3744    0
2    -3.37646    -3.37543    0.000729418
3    -3.37417    -3.37501    0.000595427
4    -3.3774    -3.37561    0.000682674
5    -3.37677    -3.37584    0.000584177
6    -3.38205    -3.37688    0.00106347
7    -3.37859    -3.37712    0.000939414
8    -3.37746    -3.37716    0.000822944
9    -3.37296    -3.3767    0.00085367
10    -3.37643    -3.37667    0.000768707
11    -3.37193    -3.37624    0.000810449
12    -3.3731    -3.37598    0.00078405
13    -3.37405    -3.37583    0.000737616
14    -3.37639    -3.37587    0.000686004
15    -3.37572    -3.37586    0.000640341
16    -3.37804    -3.376    0.000614667
17    -3.38179    -3.37634    0.00066628
18    -3.38163    -3.37663    0.000691189
19    -3.38006    -3.37681    0.000677947
20    -3.37751    -3.37685    0.000644958
21    -3.37731    -3.37687    0.000614632
22    -3.37612    -3.37683    0.000587637
23    -3.37635    -3.37681    0.000562468
24    -3.37845    -3.37688    0.000543155
25    -3.37717    -3.37689    0.000521549
26    -3.3756    -3.37684    0.000503865
27    -3.37627    -3.37682    0.000485654
28    -3.3786    -3.37689    0.000472426
29    -3.37813    -3.37693    0.000458075
30    -3.37809    -3.37697    0.000444454
31    -3.37832    -3.37701    0.00043225
32    -3.37631    -3.37699    0.000419294
33    -3.37536    -3.37694    0.000409488
34    -3.37589    -3.37691    0.000398599
35    -3.37585    -3.37688    0.000388356
36    -3.37255    -3.37676    0.000395743
37    -3.37673    -3.37676    0.000385048
38    -3.37543    -3.37672    0.000376503
39    -3.3765    -3.37672    0.000366891
40    -3.37452    -3.37666    0.0003618
41    -3.3758    -3.37664    0.000353589
42    -3.3728    -3.37655    0.00035678
43    -3.37517    -3.37652    0.000349929
44    -3.37522    -3.37649    0.000343209
45    -3.37422    -3.37644    0.000339247
46    -3.3749    -3.3764    0.000333517
47    -3.37368    -3.37635    0.000331417
48    -3.37288    -3.37627    0.000332274
49    -3.37421    -3.37623    0.000328146
50    -3.37458    -3.3762    0.000323233
51    -3.37579    -3.37619    0.000316995
52    -3.37526    -3.37617    0.000311406
53    -3.37712    -3.37619    0.000306043
54    -3.3747    -3.37616    0.000301618
55    -3.37237    -3.37609    0.000303898
56    -3.37532    -3.37608    0.000298788
57    -3.37358    -3.37604    0.000296749
58    -3.37433    -3.37601    0.000293088
59    -3.37255    -3.37595    0.000293935
60    -3.37319    -3.3759    0.000292618
61    -3.37422    -3.37587    0.000289116
62    -3.37363    -3.37584    0.000286716
63    -3.37528    -3.37583    0.000282304
64    -3.37486    -3.37581    0.000278296
65    -3.38016    -3.37588    0.00028193
66    -3.37982    -3.37594    0.000283909
67    -3.37903    -3.37599    0.000283402
68    -3.38165    -3.37607    0.000291215
69    -3.3793    -3.37612    0.000290726
70    -3.37797    -3.37614    0.000287778
71    -3.37774    -3.37617    0.000284604
72    -3.37543    -3.37616    0.000280836
73    -3.3736    -3.37612    0.000279163
74    -3.37635    -3.37612    0.000275408
75    -3.37743    -3.37614    0.000272289
76    -3.37764    -3.37616    0.000269424
77    -3.37894    -3.3762    0.000268332
78    -3.38136    -3.37626    0.000272946
79    -3.38065    -3.37632    0.000275079
80    -3.37874    -3.37635    0.000273299
81    -3.3758    -3.37634    0.000270009
82    -3.37719    -3.37635    0.000266915
83    -3.3725    -3.37631    0.000267714
84    -3.37289    -3.37627    0.000267594
85    -3.37613    -3.37626    0.000264451
86    -3.37186    -3.37621    0.000266296
87    -3.37196    -3.37616    0.000267683
88    -3.37215    -3.37612    0.000268508
89    -3.37358    -3.37609    0.000267001
90    -3.37257    -3.37605    0.000266885
91    -3.375    -3.37604    0.000264202
92    -3.37502    -3.37603    0.000261563
93    -3.37696    -3.37604    0.000258943
94    -3.37665    -3.37604    0.000256271
95    -3.37516    -3.37604    0.000253741
96    -3.37201    -3.37599    0.000254544
97    -3.37414    -3.37597    0.000252638
98    -3.37341    -3.37595    0.000251407
99    -3.37298    -3.37592    0.000250648
100    -3.37622    -3.37592    0.000248159
