1    2.14284    2.14284    0
2    2.19095    2.1669    0.0170121
3    2.37998    2.23792    0.0590923
4    2.42561    2.28484    0.0601286
5    2.67852    2.36358    0.0852836
6    2.4511    2.37817    0.0723063
7    2.38722    2.37946    0.0619884
8    2.06032    2.33957    0.0658367
9    2.00199    2.30206    0.0683763
10    2.23235    2.29509    0.061893
11    2.12566    2.27969    0.0581513
12    2.09944    2.26466    0.0552112
13    2.05874    2.24882    0.0531879
14    2.22175    2.24689    0.049424
15    1.93225    2.22591    0.0503839
16    2.08062    2.21683    0.0480463
17    1.87553    2.19676    0.0492363
18    1.64527    2.16612    0.0552166
19    1.54189    2.13327    0.0613104
20    1.90845    2.12202    0.0592664
21    2.31068    2.13101    0.057121
22    2.08487    2.12891    0.0545631
23    2.14552    2.12963    0.0521955
24    2.03134    2.12554    0.0501811
25    2.14022    2.12612    0.0481773
26    2.14379    2.1268    0.0463291
27    2.32941    2.13431    0.0452169
28    2.48737    2.14692    0.045326
29    2.65929    2.16459    0.0470808
30    2.26099    2.1678    0.045621
31    1.72488    2.15351    0.0463327
32    1.64934    2.13776    0.0474881
33    2.12529    2.13738    0.0460506
34    2.28785    2.1418    0.0449083
35    1.66371    2.12814    0.0456554
36    2.27417    2.1322    0.0445671
37    1.98332    2.12818    0.0435438
38    2.39388    2.13517    0.0429557
39    2.12999    2.13504    0.0418544
40    2.77318    2.15099    0.043743
41    2.4473    2.15822    0.043269
42    2.49875    2.16632    0.0429918
43    2.33936    2.17035    0.0421799
44    2.08574    2.16843    0.041265
45    2.07945    2.16645    0.0403954
46    2.03428    2.16357    0.0396193
47    1.90839    2.15815    0.0391466
48    1.92753    2.15334    0.0386247
49    2.02717    2.15077    0.0379222
50    2.19578    2.15167    0.0371745
51    2.69608    2.16234    0.0379472
52    2.20818    2.16322    0.0372277
53    2.06867    2.16144    0.036568
54    2.10108    2.16032    0.0359079
55    2.24033    2.16178    0.0352845
56    2.57191    2.1691    0.0354064
57    2.40134    2.17317    0.0350188
58    2.48241    2.17851    0.0348186
59    2.11355    2.1774    0.0342458
60    2.82917    2.18827    0.035356
61    2.69591    2.19659    0.0357424
62    2.82766    2.20677    0.0365865
63    1.95389    2.20275    0.0362252
64    2.24234    2.20337    0.0356645
65    2.2204    2.20363    0.0351168
66    1.89919    2.19902    0.0348863
67    1.83162    2.19354    0.0347939
68    2.0062    2.19078    0.0343911
69    1.60256    2.18226    0.0349333
70    1.99839    2.17963    0.0345329
71    1.97912    2.17681    0.0341618
72    1.74992    2.17088    0.034198
73    2.48803    2.17522    0.0340044
74    2.25724    2.17633    0.0335629
75    1.82861    2.17169    0.0334341
76    1.84477    2.16739    0.0332698
77    2.05924    2.16599    0.0328673
78    1.82045    2.16156    0.0327431
79    1.52935    2.15356    0.0332922
80    1.78465    2.14894    0.0331939
81    2.15021    2.14896    0.0327841
82    2.42963    2.15238    0.0325625
83    1.8821    2.14913    0.0323326
84    2.59639    2.15445    0.0323831
85    2.2803    2.15593    0.032036
86    1.88583    2.15279    0.0318171
87    1.96929    2.15068    0.0315212
88    1.98314    2.14878    0.0312204
89    1.88284    2.14579    0.0310123
90    1.65683    2.14036    0.03114
91    2.45351    2.1438    0.0309873
92    2.26317    2.1451    0.0306777
93    1.81074    2.1415    0.0305577
94    1.62681    2.13603    0.0307193
95    1.88511    2.13338    0.0305093
96    2.40181    2.13618    0.0303193
97    2.33826    2.13826    0.0300782
98    2.12596    2.13814    0.0297716
99    2.20076    2.13877    0.0294776
100    2.28702    2.14025    0.0292201
