1    1.62436    1.62436    0
2    1.63026    1.62731    0.00208849
3    1.59048    1.61503    0.0101203
4    1.58367    1.60719    0.0101841
5    1.51868    1.58949    0.0178074
6    1.58293    1.5884    0.014873
7    1.60379    1.59059    0.0129099
8    1.69269    1.60336    0.016435
9    1.68783    1.61274    0.0170803
10    1.60236    1.6117    0.0154038
11    1.6324    1.61359    0.0141179
12    1.64027    1.61581    0.0131154
13    1.63789    1.61751    0.0122159
14    1.57541    1.6145    0.0117077
15    1.66286    1.61773    0.0113624
16    1.61778    1.61773    0.0106522
17    1.64907    1.61957    0.0101839
18    1.70842    1.62451    0.0107481
19    1.7634    1.63182    0.0124219
20    1.70386    1.63542    0.012312
21    1.61688    1.63454    0.0117573
22    1.6965    1.63735    0.0115553
23    1.67622    1.63904    0.0111757
24    1.69344    1.64131    0.0109375
25    1.65031    1.64167    0.0105059
26    1.65523    1.64219    0.0101148
27    1.60869    1.64095    0.009816
28    1.56866    1.63837    0.00979912
29    1.51244    1.63403    0.0103788
30    1.58645    1.63244    0.0101533
31    1.68663    1.63419    0.00997509
32    1.73484    1.63733    0.0101471
33    1.64726    1.63763    0.00984409
34    1.62429    1.63724    0.00956237
35    1.78915    1.64158    0.0102268
36    1.6197    1.64097    0.00996077
37    1.70915    1.64282    0.0098605
38    1.58536    1.6413    0.00971625
39    1.66615    1.64194    0.00948798
40    1.49603    1.63829    0.00992731
41    1.58286    1.63694    0.00977681
42    1.56557    1.63524    0.00969058
43    1.60881    1.63463    0.00948469
44    1.66509    1.63532    0.00929437
45    1.65096    1.63567    0.00909432
46    1.66352    1.63627    0.00891676
47    1.70075    1.63765    0.00883193
48    1.68269    1.63858    0.00869764
49    1.66216    1.63906    0.00853343
50    1.63962    1.63908    0.00836277
51    1.50845    1.63651    0.00858205
52    1.64014    1.63658    0.00841729
53    1.64323    1.63671    0.00825941
54    1.6185    1.63637    0.00811333
55    1.60416    1.63579    0.00798693
56    1.52228    1.63376    0.00809741
57    1.57663    1.63276    0.00801714
58    1.54595    1.63126    0.00801739
59    1.65803    1.63171    0.00789433
60    1.47737    1.62914    0.00817113
61    1.54172    1.62771    0.0081619
62    1.5008    1.62566    0.00828296
63    1.72326    1.62721    0.00829509
64    1.62744    1.62721    0.00816548
65    1.61149    1.62697    0.00804345
66    1.6989    1.62806    0.00799507
67    1.73019    1.62959    0.00801972
68    1.68038    1.63033    0.0079365
69    1.79988    1.63279    0.00819303
70    1.69135    1.63363    0.00811859
71    1.68048    1.63429    0.00803102
72    1.74122    1.63577    0.00805563
73    1.55593    1.63468    0.00801919
74    1.62222    1.63451    0.00791259
75    1.71946    1.63564    0.00788774
76    1.7099    1.63662    0.00784423
77    1.66892    1.63704    0.00775357
78    1.72891    1.63822    0.0077431
79    1.78997    1.64014    0.00787975
80    1.69842    1.64087    0.00781486
81    1.6144    1.64054    0.00772521
82    1.56124    1.63957    0.00769129
83    1.73925    1.64077    0.0076918
84    1.55899    1.6398    0.0076616
85    1.63938    1.6398    0.00757147
86    1.72529    1.64079    0.00754841
87    1.67202    1.64115    0.00747018
88    1.65519    1.64131    0.00738699
89    1.6904    1.64186    0.00732456
90    1.80186    1.64364    0.0074558
91    1.62086    1.64339    0.00737807
92    1.67335    1.64371    0.00730506
93    1.75828    1.64495    0.00732965
94    1.78138    1.6464    0.00739399
95    1.72572    1.64723    0.00736315
96    1.62591    1.64701    0.0072898
97    1.65005    1.64704    0.00721471
98    1.68716    1.64745    0.0071527
99    1.67812    1.64776    0.00708716
100    1.66338    1.64792    0.007018
