1    1.0829    1.0829    0
2    1.08684    1.08487    0.00139233
3    1.06032    1.07669    0.00674685
4    1.05578    1.07146    0.00678943
5    1.01245    1.05966    0.0118716
6    1.05528    1.05893    0.00991535
7    1.06919    1.0604    0.0086066
8    1.12846    1.0689    0.0109567
9    1.12522    1.07516    0.0113868
10    1.06824    1.07447    0.0102692
11    1.08827    1.07572    0.00941192
12    1.09352    1.07721    0.00874359
13    1.09192    1.07834    0.00814396
14    1.05027    1.07633    0.00780512
15    1.10857    1.07848    0.00757491
16    1.07852    1.07849    0.00710148
17    1.09938    1.07971    0.00678926
18    1.13895    1.08301    0.00716538
19    1.1756    1.08788    0.00828126
20    1.13591    1.09028    0.008208
21    1.07792    1.08969    0.00783821
22    1.131    1.09157    0.00770352
23    1.11748    1.0927    0.0074505
24    1.12896    1.09421    0.00729166
25    1.10021    1.09445    0.00700395
26    1.10349    1.09479    0.00674319
27    1.07246    1.09397    0.006544
28    1.04577    1.09225    0.00653275
29    1.0083    1.08935    0.00691919
30    1.05763    1.08829    0.00676886
31    1.12442    1.08946    0.00665006
32    1.15656    1.09156    0.00676474
33    1.09817    1.09176    0.00656272
34    1.08286    1.09149    0.00637492
35    1.19277    1.09439    0.00681787
36    1.0798    1.09398    0.00664051
37    1.13943    1.09521    0.00657366
38    1.05691    1.0942    0.0064775
39    1.11077    1.09463    0.00632532
40    0.99735    1.0922    0.0066182
41    1.05524    1.09129    0.00651787
42    1.04371    1.09016    0.00646039
43    1.07254    1.08975    0.00632313
44    1.11006    1.09021    0.00619625
45    1.10064    1.09045    0.00606288
46    1.10902    1.09085    0.0059445
47    1.13383    1.09176    0.00588796
48    1.12179    1.09239    0.00579842
49    1.10811    1.09271    0.00568895
50    1.09308    1.09272    0.00557518
51    1.00564    1.09101    0.00572136
52    1.09343    1.09106    0.00561153
53    1.09548    1.09114    0.00550627
54    1.079    1.09092    0.00540889
55    1.06944    1.09052    0.00532462
56    1.01485    1.08917    0.00539827
57    1.05109    1.08851    0.00534476
58    1.03063    1.08751    0.00534493
59    1.10536    1.08781    0.00526289
60    0.984914    1.08609    0.00544742
61    1.02781    1.08514    0.00544126
62    1.00053    1.08377    0.00552198
63    1.14884    1.08481    0.00553006
64    1.08496    1.08481    0.00544366
65    1.07433    1.08465    0.0053623
66    1.1326    1.08538    0.00533005
67    1.15346    1.08639    0.00534648
68    1.12025    1.08689    0.005291
69    1.19992    1.08853    0.00546202
70    1.12757    1.08909    0.00541239
71    1.12032    1.08953    0.00535401
72    1.16081    1.09052    0.00537042
73    1.03729    1.08979    0.00534613
74    1.08148    1.08967    0.00527506
75    1.14631    1.09043    0.00525849
76    1.13993    1.09108    0.00522949
77    1.11261    1.09136    0.00516904
78    1.15261    1.09215    0.00516207
79    1.19331    1.09343    0.00525317
80    1.13228    1.09391    0.00520991
81    1.07627    1.09369    0.00515014
82    1.04083    1.09305    0.00512753
83    1.1595    1.09385    0.00512787
84    1.03933    1.0932    0.00510774
85    1.09292    1.0932    0.00504765
86    1.15019    1.09386    0.00503227
87    1.11468    1.0941    0.00498012
88    1.10346    1.09421    0.00492466
89    1.12694    1.09457    0.00488304
90    1.20124    1.09576    0.00497053
91    1.08057    1.09559    0.00491871
92    1.11557    1.09581    0.00487004
93    1.17219    1.09663    0.00488643
94    1.18759    1.0976    0.00492933
95    1.15048    1.09815    0.00490877
96    1.08394    1.09801    0.00485986
97    1.10003    1.09803    0.00480981
98    1.12477    1.0983    0.00476846
99    1.11875    1.09851    0.00472477
100    1.10892    1.09861    0.00467867
