1    1.23537    1.23537    0
2    1.24703    1.2412    0.00412231
3    1.07749    1.18663    0.0446414
4    1.2384    1.19957    0.0353076
5    1.18317    1.19629    0.0283981
6    1.3308    1.21871    0.0312863
7    1.09689    1.20131    0.0312846
8    1.15287    1.19525    0.0279537
9    1.22464    1.19852    0.0250378
10    1.24326    1.20299    0.0229302
11    1.27253    1.20931    0.0216995
12    1.10497    1.20062    0.0215629
13    1.1507    1.19678    0.0202432
14    1.29977    1.20414    0.0200896
15    1.21817    1.20507    0.018772
16    1.16842    1.20278    0.0177379
17    1.16453    1.20053    0.0168367
18    1.20746    1.20092    0.0159057
19    1.25774    1.20391    0.0153472
20    1.18581    1.203    0.0146065
21    1.18212    1.20201    0.0139447
22    1.17742    1.20089    0.0133556
23    1.1631    1.19925    0.0128756
24    1.20434    1.19946    0.0123409
25    1.17494    1.19848    0.0118861
26    1.31562    1.20298    0.0122532
27    1.1831    1.20225    0.0118215
28    1.12117    1.19935    0.0117486
29    1.1576    1.19791    0.0114314
30    1.25155    1.1997    0.0111893
31    1.16086    1.19845    0.0108982
32    1.2109    1.19884    0.0105646
33    1.18416    1.19839    0.0102538
34    1.26555    1.20037    0.0101407
35    1.15498    1.19907    0.00993356
36    1.10885    1.19656    0.00996876
37    1.26879    1.19852    0.00988861
38    1.27376    1.2005    0.00982465
39    1.21172    1.20078    0.00957695
40    1.14705    1.19944    0.00943126
41    1.19207    1.19926    0.00920295
42    1.20138    1.19931    0.00898397
43    1.14716    1.1981    0.00885654
44    1.25424    1.19937    0.00874669
45    1.16517    1.19861    0.00858528
46    1.26105    1.19997    0.00850526
47    1.23884    1.2008    0.00836441
48    1.13936    1.19952    0.00828751
49    1.2492    1.20053    0.00818017
50    1.20584    1.20064    0.00801725
51    1.15805    1.1998    0.00790342
52    1.17637    1.19935    0.00776427
53    1.16672    1.19874    0.00764215
54    1.18313    1.19845    0.00750609
55    1.23007    1.19902    0.00739161
56    1.27474    1.20037    0.00738223
57    1.16141    1.19969    0.00728429
58    1.11995    1.19832    0.0072873
59    1.18806    1.19814    0.00716586
60    1.32366    1.20023    0.00734544
61    1.19166    1.20009    0.00722637
62    1.11255    1.19868    0.00724646
63    1.18438    1.19845    0.00713499
64    1.24515    1.19918    0.00706072
65    1.17114    1.19875    0.00696526
66    1.19432    1.19869    0.00686005
67    1.27965    1.19989    0.00686326
68    1.1504    1.19917    0.00680081
69    1.17459    1.19881    0.00671157
70    1.22354    1.19916    0.00662498
71    1.25674    1.19997    0.00658112
72    1.16624    1.19951    0.00650637
73    1.16155    1.19899    0.00643798
74    1.18187    1.19875    0.00635514
75    1.28021    1.19984    0.00636252
76    1.18427    1.19964    0.0062821
77    1.18562    1.19945    0.00620316
78    1.15936    1.19894    0.00614489
79    1.20651    1.19904    0.00606785
80    1.19879    1.19903    0.005992
81    1.12584    1.19813    0.00598578
82    1.20185    1.19817    0.00591296
83    1.30182    1.19942    0.00597212
84    1.1596    1.19895    0.00591981
85    1.23826    1.19941    0.00586821
86    1.10566    1.19832    0.00590037
87    1.17579    1.19806    0.00583823
88    1.10138    1.19696    0.00587435
89    1.22112    1.19724    0.00581461
90    1.34542    1.19888    0.00597858
91    1.19403    1.19883    0.00591312
92    1.18755    1.19871    0.00585012
93    1.11198    1.19777    0.00586107
94    1.20698    1.19787    0.00579954
95    1.19812    1.19787    0.00573849
96    1.21027    1.198    0.00568017
97    1.19007    1.19792    0.0056222
98    1.16926    1.19763    0.00557243
99    1.21485    1.1978    0.00551885
100    1.16067    1.19743    0.00547614
