1    -5.4642    -5.4642    0
2    -5.45984    -5.46202    0.0015422
3    -5.46438    -5.4628    0.0012123
4    -5.46598    -5.4636    0.00114009
5    -5.46519    -5.46392    0.000955692
6    -5.46469    -5.46405    0.00080509
7    -5.45971    -5.46343    0.000897134
8    -5.46316    -5.46339    0.000785631
9    -5.46227    -5.46327    0.000708245
10    -5.46064    -5.46301    0.000684477
11    -5.46044    -5.46277    0.000660806
12    -5.45732    -5.46232    0.000745671
13    -5.46346    -5.46241    0.000693428
14    -5.46588    -5.46265    0.000686904
15    -5.46198    -5.46261    0.000642576
16    -5.46318    -5.46264    0.000603403
17    -5.46241    -5.46263    0.000568064
18    -5.46544    -5.46279    0.000557562
19    -5.46312    -5.4628    0.000528484
20    -5.46099    -5.46271    0.000509806
21    -5.46408    -5.46278    0.000489651
22    -5.46144    -5.46272    0.000471133
23    -5.46343    -5.46275    0.000451674
24    -5.46313    -5.46277    0.000433136
25    -5.46345    -5.46279    0.000416666
26    -5.46576    -5.46291    0.000415931
27    -5.4616    -5.46286    0.000403346
28    -5.45638    -5.46263    0.00045036
29    -5.46144    -5.46259    0.000436688
30    -5.45934    -5.46248    0.000435321
31    -5.46323    -5.4625    0.000421963
32    -5.46646    -5.46263    0.000426479
33    -5.46837    -5.4628    0.000447634
34    -5.46328    -5.46281    0.000434691
35    -5.46079    -5.46276    0.000426115
36    -5.46098    -5.46271    0.000417134
37    -5.46464    -5.46276    0.00040913
38    -5.46231    -5.46275    0.000398531
39    -5.46167    -5.46272    0.000389268
40    -5.46155    -5.46269    0.000380625
41    -5.46083    -5.46264    0.000374035
42    -5.46175    -5.46262    0.000365731
43    -5.46011    -5.46256    0.000361875
44    -5.46527    -5.46263    0.000358849
45    -5.46316    -5.46264    0.000351068
46    -5.46622    -5.46272    0.000351983
47    -5.46508    -5.46277    0.000348071
48    -5.46548    -5.46282    0.000345372
49    -5.46452    -5.46286    0.000340057
50    -5.46326    -5.46287    0.00033335
51    -5.46468    -5.4629    0.000328703
52    -5.46241    -5.46289    0.000322519
53    -5.46785    -5.46299    0.000329705
54    -5.46358    -5.463    0.000323783
55    -5.46361    -5.46301    0.000318088
56    -5.46292    -5.46301    0.000312411
57    -5.45863    -5.46293    0.000316217
58    -5.46459    -5.46296    0.000312061
59    -5.46257    -5.46295    0.000306842
60    -5.46721    -5.46302    0.00030984
61    -5.46492    -5.46305    0.000306311
62    -5.46692    -5.46312    0.000307666
63    -5.46433    -5.46313    0.000303383
64    -5.46518    -5.46317    0.000300319
65    -5.46412    -5.46318    0.000296055
66    -5.46525    -5.46321    0.000293222
67    -5.46547    -5.46325    0.000290781
68    -5.45935    -5.46319    0.000292094
69    -5.46418    -5.4632    0.000288214
70    -5.46582    -5.46324    0.000286502
71    -5.46375    -5.46325    0.000282555
72    -5.46405    -5.46326    0.000278851
73    -5.46547    -5.46329    0.000276669
74    -5.46465    -5.46331    0.000273544
75    -5.4642    -5.46332    0.000270154
76    -5.46237    -5.46331    0.000266887
77    -5.4628    -5.4633    0.000263501
78    -5.46607    -5.46334    0.000262496
79    -5.46757    -5.46339    0.000264586
80    -5.46188    -5.46337    0.000261948
81    -5.45846    -5.46331    0.000265639
82    -5.46262    -5.4633    0.000262535
83    -5.46316    -5.4633    0.000259377
84    -5.46143    -5.46328    0.000257241
85    -5.46085    -5.46325    0.000255792
86    -5.46373    -5.46325    0.000252879
87    -5.46335    -5.46326    0.000249975
88    -5.46002    -5.46322    0.000249818
89    -5.46578    -5.46325    0.000248658
90    -5.46521    -5.46327    0.000246854
91    -5.46717    -5.46331    0.000247835
92    -5.46348    -5.46331    0.000245148
93    -5.46264    -5.46331    0.000242621
94    -5.46412    -5.46332    0.000240194
95    -5.46294    -5.46331    0.000237698
96    -5.46224    -5.4633    0.000235485
97    -5.4639    -5.46331    0.000233139
98    -5.46406    -5.46331    0.000230888
99    -5.46434    -5.46333    0.000228789
100    -5.46339    -5.46333    0.000226502
