1    9.34549    9.34549    0
2    9.36615    9.35582    0.00730222
3    10.1884    9.63334    0.226641
4    9.42388    9.58097    0.175926
5    9.68263    9.6013    0.141911
6    8.97376    9.49671    0.151991
7    10.0912    9.58164    0.152169
8    9.78341    9.60687    0.135222
9    9.41483    9.58553    0.121869
10    9.32059    9.55903    0.112525
11    9.26483    9.53229    0.105426
12    10.0881    9.57861    0.106331
13    9.82601    9.59764    0.0998403
14    9.11304    9.56303    0.0985268
15    9.49172    9.55827    0.0920729
16    9.71759    9.56823    0.0868551
17    9.76087    9.57956    0.0824819
18    9.54468    9.57762    0.0779223
19    9.32346    9.56425    0.0749605
20    9.66391    9.56923    0.071378
21    9.66582    9.57383    0.0681271
22    9.71986    9.58047    0.0653529
23    9.73514    9.58719    0.0628566
24    9.57939    9.58687    0.0602384
25    9.71714    9.59208    0.0580538
26    9.01689    9.56995    0.059888
27    9.6793    9.574    0.0578067
28    9.96774    9.58807    0.057427
29    9.81525    9.5959    0.0559786
30    9.3396    9.58736    0.0547607
31    9.7757    9.59343    0.0533302
32    9.60347    9.59375    0.0516645
33    9.68208    9.59642    0.0501682
34    9.27756    9.58704    0.0495615
35    9.80016    9.59313    0.0485181
36    10.0141    9.60483    0.048559
37    9.27179    9.59583    0.0480736
38    9.25026    9.58673    0.0476609
39    9.56728    9.58623    0.0464414
40    9.88421    9.59368    0.045874
41    9.61828    9.59428    0.044759
42    9.56532    9.59359    0.0436986
43    9.87127    9.60005    0.0431569
44    9.36634    9.59474    0.0425016
45    9.81223    9.59957    0.0418311
46    9.30725    9.59322    0.0414016
47    9.42933    9.58973    0.0406673
48    9.92428    9.5967    0.0404129
49    9.32471    9.59115    0.0399675
50    9.56139    9.59055    0.0391726
51    9.7637    9.59395    0.0385513
52    9.7001    9.59599    0.037864
53    9.77138    9.5993    0.0372939
54    9.65155    9.60027    0.0366158
55    9.4454    9.59745    0.0360582
56    9.22739    9.59084    0.0360147
57    9.76177    9.59384    0.0355075
58    9.9397    9.59981    0.0353925
59    9.66898    9.60098    0.034812
60    9.03075    9.59147    0.0355054
61    9.61772    9.5919    0.0349259
62    10.03    9.59897    0.0350702
63    9.6261    9.5994    0.0345162
64    9.37081    9.59583    0.0341612
65    9.69696    9.59739    0.0336711
66    9.62695    9.59783    0.0331639
67    9.22303    9.59224    0.0331373
68    9.88781    9.59659    0.0329339
69    9.7127    9.59827    0.0324995
70    9.46504    9.59637    0.0320909
71    9.32382    9.59253    0.0318677
72    9.79396    9.59532    0.0315477
73    9.82557    9.59848    0.0312728
74    9.69334    9.59976    0.0308764
75    9.1975    9.5944    0.0309271
76    9.69293    9.59569    0.0305473
77    9.66522    9.5966    0.0301639
78    9.78372    9.599    0.0298725
79    9.53663    9.59821    0.0295048
80    9.58408    9.59803    0.0291365
81    9.98006    9.60275    0.029156
82    9.62363    9.603    0.0288016
83    9.07469    9.59664    0.0291494
84    9.7947    9.59899    0.0288976
85    9.41411    9.59682    0.0286394
86    10.0263    9.60181    0.0287385
87    9.68441    9.60276    0.0284238
88    10.1164    9.6086    0.0286939
89    9.49517    9.60732    0.0283997
90    8.91686    9.59965    0.029102
91    9.63358    9.60002    0.0287846
92    9.64194    9.60048    0.0284753
93    10.0548    9.60537    0.0285851
94    9.55734    9.60485    0.0282855
95    9.58518    9.60465    0.0279885
96    9.57081    9.60429    0.0276992
97    9.67635    9.60504    0.0274236
98    9.76372    9.60666    0.0271915
99    9.52149    9.6058    0.0269305
100    9.79697    9.60771    0.026729
