1    0.82358    0.82358    0
2    0.831353    0.827467    0.00274821
3    0.718325    0.791086    0.0297609
4    0.825601    0.799715    0.0235384
5    0.788779    0.797528    0.018932
6    0.887199    0.812473    0.0208575
7    0.731261    0.800871    0.0208564
8    0.768582    0.796835    0.0186358
9    0.816429    0.799012    0.0166918
10    0.828837    0.801995    0.0152868
11    0.848351    0.806209    0.0144663
12    0.73665    0.800412    0.0143753
13    0.767136    0.797853    0.0134955
14    0.866514    0.802757    0.013393
15    0.812112    0.803381    0.0125147
16    0.77895    0.801854    0.0118253
17    0.776351    0.800354    0.0112244
18    0.804974    0.80061    0.0106038
19    0.838495    0.802604    0.0102315
20    0.790541    0.802001    0.00973764
21    0.788077    0.801338    0.00929649
22    0.784944    0.800593    0.00890374
23    0.775399    0.799497    0.00858374
24    0.802896    0.799639    0.00822725
25    0.783294    0.798985    0.00792409
26    0.877081    0.801989    0.0081688
27    0.788732    0.801498    0.00788099
28    0.747443    0.799567    0.00783241
29    0.771733    0.798608    0.00762091
30    0.834368    0.7998    0.00745952
31    0.773908    0.798964    0.0072655
32    0.807263    0.799224    0.00704308
33    0.78944    0.798927    0.00683589
34    0.843701    0.800244    0.00676048
35    0.769986    0.79938    0.00662237
36    0.739231    0.797709    0.00664584
37    0.845859    0.79901    0.00659241
38    0.849176    0.80033    0.00654977
39    0.807813    0.800522    0.00638463
40    0.764701    0.799627    0.00628751
41    0.794711    0.799507    0.0061353
42    0.800921    0.79954    0.00598931
43    0.76477    0.798732    0.00590436
44    0.836162    0.799583    0.00583113
45    0.776782    0.799076    0.00572352
46    0.8407    0.799981    0.00567017
47    0.825897    0.800532    0.00557628
48    0.759572    0.799679    0.00552501
49    0.8328    0.800355    0.00545344
50    0.803892    0.800425    0.00534483
51    0.772032    0.799869    0.00526895
52    0.784244    0.799568    0.00517618
53    0.777815    0.799158    0.00509477
54    0.788753    0.798965    0.00500406
55    0.820048    0.799348    0.00492774
56    0.849824    0.80025    0.00492149
57    0.774275    0.799794    0.0048562
58    0.746631    0.798878    0.0048582
59    0.792042    0.798762    0.00477724
60    0.882439    0.800156    0.00489696
61    0.794442    0.800063    0.00481758
62    0.741697    0.799121    0.00483098
63    0.789589    0.79897    0.00475666
64    0.830101    0.799456    0.00470714
65    0.780759    0.799169    0.00464351
66    0.796212    0.799124    0.00457337
67    0.853098    0.799929    0.00457551
68    0.766935    0.799444    0.00453388
69    0.78306    0.799207    0.00447438
70    0.815693    0.799442    0.00441666
71    0.837827    0.799983    0.00438741
72    0.777492    0.799671    0.00433758
73    0.774368    0.799324    0.00429199
74    0.787916    0.79917    0.00423676
75    0.853472    0.799894    0.00424168
76    0.789512    0.799757    0.00418807
77    0.790412    0.799636    0.00413544
78    0.772907    0.799293    0.00409659
79    0.804341    0.799357    0.00404523
80    0.799196    0.799355    0.00399467
81    0.750557    0.798753    0.00399052
82    0.801236    0.798783    0.00394197
83    0.867879    0.799615    0.00398141
84    0.773065    0.799299    0.00394654
85    0.825509    0.799608    0.00391214
86    0.737104    0.798881    0.00393358
87    0.783862    0.798708    0.00389215
88    0.734254    0.797976    0.00391623
89    0.814083    0.798157    0.00387641
90    0.896947    0.799254    0.00398572
91    0.796019    0.799219    0.00394208
92    0.791699    0.799137    0.00390008
93    0.741319    0.798515    0.00390738
94    0.804653    0.798581    0.00386636
95    0.798746    0.798582    0.00382566
96    0.806845    0.798669    0.00378678
97    0.793379    0.798614    0.00374813
98    0.779508    0.798419    0.00371495
99    0.809899    0.798535    0.00367924
100    0.77378    0.798287    0.00365076
