1    -6.69957    -6.69957    0
2    -6.70687    -6.70322    0.00258011
3    -6.54187    -6.64943    0.0439481
4    -6.70438    -6.66317    0.0350423
5    -6.64836    -6.66021    0.0281587
6    -6.79549    -6.68276    0.0312134
7    -6.5566    -6.66473    0.0315306
8    -6.61603    -6.65865    0.0281709
9    -6.68691    -6.66179    0.0252152
10    -6.70389    -6.666    0.0230426
11    -6.73297    -6.67209    0.0217372
12    -6.5623    -6.66294    0.0217662
13    -6.61416    -6.65918    0.0204127
14    -6.76565    -6.66679    0.0203219
15    -6.68015    -6.66768    0.0189867
16    -6.6316    -6.66543    0.0179334
17    -6.62694    -6.66316    0.0170208
18    -6.6729    -6.6637    0.0160838
19    -6.72086    -6.66671    0.015516
20    -6.6468    -6.66572    0.0147721
21    -6.64619    -6.66479    0.0140979
22    -6.63886    -6.66361    0.0135063
23    -6.62653    -6.662    0.0130149
24    -6.66748    -6.66222    0.0124746
25    -6.63839    -6.66127    0.012012
26    -6.78138    -6.66589    0.0124065
27    -6.64469    -6.6651    0.0119718
28    -6.57755    -6.66198    0.0119456
29    -6.61904    -6.6605    0.0116251
30    -6.71089    -6.66218    0.0113583
31    -6.6241    -6.66095    0.0110582
32    -6.67735    -6.66146    0.0107245
33    -6.65253    -6.66119    0.0104029
34    -6.72883    -6.66318    0.0102854
35    -6.61576    -6.66182    0.0100804
36    -6.56982    -6.65927    0.0101191
37    -6.73343    -6.66127    0.0100422
38    -6.73608    -6.66324    0.00996897
39    -6.67339    -6.6635    0.00971675
40    -6.60861    -6.66213    0.00957027
41    -6.6529    -6.6619    0.0093395
42    -6.66313    -6.66193    0.00911717
43    -6.60726    -6.66066    0.00899336
44    -6.71952    -6.662    0.00888788
45    -6.62833    -6.66125    0.00872181
46    -6.72727    -6.66269    0.00864949
47    -6.70393    -6.66356    0.00850984
48    -6.60484    -6.66234    0.00842005
49    -6.71372    -6.66339    0.00831325
50    -6.66909    -6.6635    0.00814777
51    -6.62273    -6.6627    0.00802714
52    -6.63877    -6.66224    0.00788595
53    -6.63457    -6.66172    0.00775443
54    -6.64671    -6.66144    0.00761581
55    -6.69368    -6.66203    0.00749986
56    -6.73766    -6.66338    0.00748654
57    -6.62004    -6.66262    0.0073937
58    -6.58454    -6.66127    0.00738777
59    -6.65063    -6.66109    0.00726476
60    -6.79087    -6.66326    0.00745873
61    -6.65658    -6.66315    0.00733726
62    -6.57947    -6.6618    0.00734199
63    -6.64871    -6.66159    0.00722839
64    -6.71033    -6.66235    0.00715546
65    -6.63526    -6.66193    0.0070575
66    -6.65957    -6.6619    0.00695066
67    -6.74512    -6.66314    0.00695702
68    -6.60975    -6.66236    0.00689887
69    -6.63877    -6.66201    0.00680735
70    -6.68935    -6.6624    0.0067213
71    -6.72049    -6.66322    0.00667623
72    -6.63029    -6.66276    0.00659916
73    -6.62702    -6.66228    0.0065269
74    -6.64653    -6.66206    0.00644216
75    -6.74441    -6.66316    0.00644915
76    -6.64664    -6.66294    0.00636795
77    -6.64842    -6.66275    0.00628804
78    -6.62543    -6.66228    0.00622561
79    -6.67408    -6.66243    0.0061486
80    -6.66068    -6.6624    0.00607178
81    -6.58429    -6.66144    0.00607291
82    -6.66447    -6.66148    0.00599897
83    -6.76498    -6.66272    0.00605491
84    -6.62103    -6.66223    0.00600314
85    -6.69912    -6.66266    0.00594818
86    -6.56939    -6.66158    0.00597708
87    -6.63915    -6.66132    0.00591393
88    -6.56141    -6.66018    0.00595472
89    -6.6869    -6.66048    0.00589538
90    -6.81064    -6.66215    0.00606135
91    -6.6612    -6.66214    0.00599475
92    -6.65103    -6.66202    0.0059308
93    -6.57461    -6.66108    0.00594103
94    -6.6711    -6.66119    0.00587878
95    -6.66106    -6.66119    0.0058169
96    -6.6725    -6.6613    0.00575751
97    -6.65397    -6.66123    0.00569865
98    -6.63333    -6.66094    0.0056476
99    -6.67919    -6.66113    0.00559356
100    -6.62406    -6.66076    0.0055499
