

*******************************************************************************
Thu Sep 26 20:56:05 2019


FIT:    data read from "length.dat" u 1:2
        format = x:z
        #datapoints = 2000
        residuals are weighted equally (unit weight)

function used for fitting: f(x)
	f(x) = a*exp(-x/l)+b
fitted parameters initialized with current variable values

iter      chisq       delta/lim  lambda   a             l             b            
   0 5.0182355084e+06   0.00e+00  5.77e-01    1.000000e+00   1.000000e+00   1.000000e+00
   4 4.7477831375e+04  -6.60e-01  5.77e-05    9.351153e+01   8.915846e+01   4.491627e+01

After 4 iterations the fit converged.
final sum of squares of residuals : 47477.8
rel. change during last iteration : -6.60135e-06

degrees of freedom    (FIT_NDF)                        : 1997
rms of residuals      (FIT_STDFIT) = sqrt(WSSR/ndf)    : 4.87592
variance of residuals (reduced chisquare) = WSSR/ndf   : 23.7746

Final set of parameters            Asymptotic Standard Error
=======================            ==========================
a               = 93.5115          +/- 1.044        (1.117%)
l               = 89.1585          +/- 1.475        (1.654%)
b               = 44.9163          +/- 0.1203       (0.2678%)

correlation matrix of the fit parameters:
                a      l      b      
a               1.000 
l              -0.676  1.000 
b               0.003 -0.313  1.000 


*******************************************************************************
Thu Sep 26 21:01:39 2019


FIT:    data read from "length.dat" u 1:3
        format = x:z
        #datapoints = 2000
        residuals are weighted equally (unit weight)

function used for fitting: f(x)
	f(x) = a*exp(-x/l)+b
fitted parameters initialized with current variable values

iter      chisq       delta/lim  lambda   a             l             b            
   0 1.1369321142e+06   0.00e+00  2.77e+01    9.351153e+01   8.915846e+01   4.491627e+01
   3 8.7603217397e+04  -1.86e-01  2.77e-02    1.050869e+02   9.722991e+01   6.676820e+01

After 3 iterations the fit converged.
final sum of squares of residuals : 87603.2
rel. change during last iteration : -1.85581e-06

degrees of freedom    (FIT_NDF)                        : 1997
rms of residuals      (FIT_STDFIT) = sqrt(WSSR/ndf)    : 6.62325
variance of residuals (reduced chisquare) = WSSR/ndf   : 43.8674

Final set of parameters            Asymptotic Standard Error
=======================            ==========================
a               = 105.087          +/- 1.357        (1.291%)
l               = 97.2299          +/- 1.871        (1.924%)
b               = 66.7682          +/- 0.165        (0.2472%)

correlation matrix of the fit parameters:
                a      l      b      
a               1.000 
l              -0.672  1.000 
b               0.003 -0.328  1.000 


*******************************************************************************
Thu Sep 26 21:51:12 2019


FIT:    data read from "length.dat" u 1:2
        format = x:z
        #datapoints = 2000
        residuals are weighted equally (unit weight)

function used for fitting: f(x)
	f(x) = a*exp(-x/l)+b
fitted parameters initialized with current variable values

iter      chisq       delta/lim  lambda   a             l             b            
   0 1.5590734236e+08   0.00e+00  5.77e-01    1.000000e+00   1.000000e+00   1.000000e+00
   7 8.6715053576e+06  -5.24e-01  5.77e-05    8.302121e+02   8.473755e+01   2.118192e+02

After 7 iterations the fit converged.
final sum of squares of residuals : 8.67151e+06
rel. change during last iteration : -5.24024e-06

degrees of freedom    (FIT_NDF)                        : 1997
rms of residuals      (FIT_STDFIT) = sqrt(WSSR/ndf)    : 65.8959
variance of residuals (reduced chisquare) = WSSR/ndf   : 4342.27

Final set of parameters            Asymptotic Standard Error
=======================            ==========================
a               = 830.212          +/- 14.48        (1.745%)
l               = 84.7375          +/- 2.182        (2.576%)
b               = 211.819          +/- 1.617        (0.7634%)

correlation matrix of the fit parameters:
                a      l      b      
a               1.000 
l              -0.678  1.000 
b               0.003 -0.304  1.000 


*******************************************************************************
Thu Sep 26 21:53:36 2019


FIT:    data read from "length.dat" u 1:3
        format = x:z
        #datapoints = 2000
        residuals are weighted equally (unit weight)

function used for fitting: f(x)
	f(x) = a*exp(-x/l)+b
fitted parameters initialized with current variable values

iter      chisq       delta/lim  lambda   a             l             b            
   0 1.1317379025e+08   0.00e+00  1.49e+02    8.302121e+02   8.473755e+01   2.118192e+02
   3 1.5686984498e+07  -1.12e-02  1.49e-01    1.037509e+03   8.162857e+01   4.239013e+02

After 3 iterations the fit converged.
final sum of squares of residuals : 1.5687e+07
rel. change during last iteration : -1.11562e-07

degrees of freedom    (FIT_NDF)                        : 1997
rms of residuals      (FIT_STDFIT) = sqrt(WSSR/ndf)    : 88.63
variance of residuals (reduced chisquare) = WSSR/ndf   : 7855.28

Final set of parameters            Asymptotic Standard Error
=======================            ==========================
a               = 1037.51          +/- 19.86        (1.914%)
l               = 81.6286          +/- 2.301        (2.819%)
b               = 423.901          +/- 2.167        (0.5111%)

correlation matrix of the fit parameters:
                a      l      b      
a               1.000 
l              -0.680  1.000 
b               0.003 -0.298  1.000 


*******************************************************************************
Thu Sep 26 22:05:15 2019


FIT:    data read from "length.dat" u 1:2
        format = x:z
        #datapoints = 2000
        residuals are weighted equally (unit weight)

function used for fitting: f(x)
	f(x) = a*exp(-x/l) + b
fitted parameters initialized with current variable values

iter      chisq       delta/lim  lambda   a             l             b            
   0 6.4969319633e+07   0.00e+00  5.77e-01    1.000000e+00   1.000000e+00   1.000000e+00
   8 2.4736209432e+05  -4.36e-02  5.77e-05    7.187390e+02   9.781309e+00   1.743935e+02

After 8 iterations the fit converged.
final sum of squares of residuals : 247362
rel. change during last iteration : -4.36005e-07

degrees of freedom    (FIT_NDF)                        : 1997
rms of residuals      (FIT_STDFIT) = sqrt(WSSR/ndf)    : 11.1295
variance of residuals (reduced chisquare) = WSSR/ndf   : 123.867

Final set of parameters            Asymptotic Standard Error
=======================            ==========================
a               = 718.739          +/- 7.909        (1.1%)
l               = 9.78131          +/- 0.1453       (1.485%)
b               = 174.393          +/- 0.2513       (0.1441%)

correlation matrix of the fit parameters:
                a      l      b      
a               1.000 
l              -0.739  1.000 
b               0.007 -0.099  1.000 


*******************************************************************************
Thu Sep 26 22:08:41 2019


FIT:    data read from "length.dat" u 1:2
        format = x:z
        #datapoints = 2000
        residuals are weighted equally (unit weight)

function used for fitting: f(x)
	f(x) = a*exp(-x/l) + b
fitted parameters initialized with current variable values

iter      chisq       delta/lim  lambda   a             l             b            
   0 6.4969319633e+07   0.00e+00  5.77e-01    1.000000e+00   1.000000e+00   1.000000e+00
   8 2.4736209432e+05  -4.36e-02  5.77e-05    7.187390e+02   9.781309e+00   1.743935e+02

After 8 iterations the fit converged.
final sum of squares of residuals : 247362
rel. change during last iteration : -4.36005e-07

degrees of freedom    (FIT_NDF)                        : 1997
rms of residuals      (FIT_STDFIT) = sqrt(WSSR/ndf)    : 11.1295
variance of residuals (reduced chisquare) = WSSR/ndf   : 123.867

Final set of parameters            Asymptotic Standard Error
=======================            ==========================
a               = 718.739          +/- 7.909        (1.1%)
l               = 9.78131          +/- 0.1453       (1.485%)
b               = 174.393          +/- 0.2513       (0.1441%)

correlation matrix of the fit parameters:
                a      l      b      
a               1.000 
l              -0.739  1.000 
b               0.007 -0.099  1.000 


*******************************************************************************
Thu Sep 26 22:12:22 2019


FIT:    data read from "length.dat" u 1:2
        format = x:z
        #datapoints = 500
        residuals are weighted equally (unit weight)

function used for fitting: f(x)
	f(x) = a*exp(-x/l) + b
fitted parameters initialized with current variable values

iter      chisq       delta/lim  lambda   a             l             b            
   0 8.6477817970e+06   0.00e+00  5.78e-01    1.000000e+00   1.000000e+00   1.000000e+00
  16 3.7855053237e+04  -5.46e-02  5.78e-06    1.060368e+03   6.484174e+00   9.392161e+01

After 16 iterations the fit converged.
final sum of squares of residuals : 37855.1
rel. change during last iteration : -5.45619e-07

degrees of freedom    (FIT_NDF)                        : 497
rms of residuals      (FIT_STDFIT) = sqrt(WSSR/ndf)    : 8.72738
variance of residuals (reduced chisquare) = WSSR/ndf   : 76.1671

Final set of parameters            Asymptotic Standard Error
=======================            ==========================
a               = 1060.37          +/- 8.06         (0.7601%)
l               = 6.48417          +/- 0.06528      (1.007%)
b               = 93.9216          +/- 0.4009       (0.4268%)

correlation matrix of the fit parameters:
                a      l      b      
a               1.000 
l              -0.752  1.000 
b               0.018 -0.163  1.000 


*******************************************************************************
Thu Sep 26 22:16:05 2019


FIT:    data read from "length.dat" u 1:2
        format = x:z
        #datapoints = 500
        residuals are weighted equally (unit weight)

function used for fitting: f(x)
	f(x) = a*exp(-x/l) + b
fitted parameters initialized with current variable values

iter      chisq       delta/lim  lambda   a             l             b            
   0 1.0197534263e+06   0.00e+00  5.78e-01    1.000000e+00   1.000000e+00   1.000000e+00
   6 3.0542690467e+03  -5.62e-02  5.78e-06    9.362930e+01   4.426115e+01   3.429687e+01

After 6 iterations the fit converged.
final sum of squares of residuals : 3054.27
rel. change during last iteration : -5.61625e-07

degrees of freedom    (FIT_NDF)                        : 497
rms of residuals      (FIT_STDFIT) = sqrt(WSSR/ndf)    : 2.47899
variance of residuals (reduced chisquare) = WSSR/ndf   : 6.14541

Final set of parameters            Asymptotic Standard Error
=======================            ==========================
a               = 93.6293          +/- 0.7622       (0.8141%)
l               = 44.2612          +/- 0.5689       (1.285%)
b               = 34.2969          +/- 0.138        (0.4022%)

correlation matrix of the fit parameters:
                a      l      b      
a               1.000 
l              -0.637  1.000 
b               0.008 -0.464  1.000 


*******************************************************************************
Thu Sep 26 22:18:46 2019


FIT:    data read from "length.dat" u 1:3
        format = x:z
        #datapoints = 500
        residuals are weighted equally (unit weight)

function used for fitting: f(x)
	f(x) = a*exp(-x/l) + b
fitted parameters initialized with current variable values

iter      chisq       delta/lim  lambda   a             l             b            
   0 1.1092486915e+04   0.00e+00  2.41e+01    9.362930e+01   4.426115e+01   3.429687e+01
   3 5.1227738123e+03  -8.02e-05  2.41e-02    1.074751e+02   4.523905e+01   3.490235e+01

After 3 iterations the fit converged.
final sum of squares of residuals : 5122.77
rel. change during last iteration : -8.02427e-10

degrees of freedom    (FIT_NDF)                        : 497
rms of residuals      (FIT_STDFIT) = sqrt(WSSR/ndf)    : 3.21051
variance of residuals (reduced chisquare) = WSSR/ndf   : 10.3074

Final set of parameters            Asymptotic Standard Error
=======================            ==========================
a               = 107.475          +/- 0.9759       (0.9081%)
l               = 45.2391          +/- 0.6511       (1.439%)
b               = 34.9024          +/- 0.1797       (0.515%)

correlation matrix of the fit parameters:
                a      l      b      
a               1.000 
l              -0.635  1.000 
b               0.008 -0.470  1.000 


*******************************************************************************
Thu Sep 26 22:22:41 2019


FIT:    data read from "length.dat" u 1:2
        format = x:z
        #datapoints = 500
        residuals are weighted equally (unit weight)

function used for fitting: f(x)
fitted parameters initialized with current variable values



*******************************************************************************
Thu Sep 26 22:22:49 2019


FIT:    data read from "length.dat" u 1:2
        format = x:z
        #datapoints = 500
        residuals are weighted equally (unit weight)

function used for fitting: f(x)
	f(x) = a*exp(-x/l) + b
fitted parameters initialized with current variable values

iter      chisq       delta/lim  lambda   a             l             b            
   0 9.9262200354e+06   0.00e+00  5.78e-01    1.000000e+00   1.000000e+00   1.000000e+00
  11 3.9712752576e+04  -3.14e-01  5.78e-05    8.665514e+02   1.134143e+01   9.328846e+01

After 11 iterations the fit converged.
final sum of squares of residuals : 39712.8
rel. change during last iteration : -3.13534e-06

degrees of freedom    (FIT_NDF)                        : 497
rms of residuals      (FIT_STDFIT) = sqrt(WSSR/ndf)    : 8.93896
variance of residuals (reduced chisquare) = WSSR/ndf   : 79.9049

Final set of parameters            Asymptotic Standard Error
=======================            ==========================
a               = 866.551          +/- 5.812        (0.6707%)
l               = 11.3414          +/- 0.1054       (0.9295%)
b               = 93.2885          +/- 0.4193       (0.4494%)

correlation matrix of the fit parameters:
                a      l      b      
a               1.000 
l              -0.723  1.000 
b               0.014 -0.218  1.000 


*******************************************************************************
Thu Sep 26 22:24:09 2019


FIT:    data read from "length.dat" u 1:3
        format = x:z
        #datapoints = 500
        residuals are weighted equally (unit weight)

function used for fitting: f(x)
	f(x) = a*exp(-x/l) + b
fitted parameters initialized with current variable values

iter      chisq       delta/lim  lambda   a             l             b            
   0 1.7311018169e+05   0.00e+00  8.32e+01    8.665514e+02   1.134143e+01   9.328846e+01
   3 7.8634351611e+04  -1.01e-01  8.32e-02    1.006155e+03   1.119199e+01   9.435550e+01

After 3 iterations the fit converged.
final sum of squares of residuals : 78634.4
rel. change during last iteration : -1.01321e-06

degrees of freedom    (FIT_NDF)                        : 497
rms of residuals      (FIT_STDFIT) = sqrt(WSSR/ndf)    : 12.5785
variance of residuals (reduced chisquare) = WSSR/ndf   : 158.218

Final set of parameters            Asymptotic Standard Error
=======================            ==========================
a               = 1006.16          +/- 8.243        (0.8192%)
l               = 11.192           +/- 0.127        (1.134%)
b               = 94.3555          +/- 0.5896       (0.6248%)

correlation matrix of the fit parameters:
                a      l      b      
a               1.000 
l              -0.723  1.000 
b               0.014 -0.217  1.000 


*******************************************************************************
Thu Sep 26 22:36:38 2019


FIT:    data read from "length.dat" u 1:2
        format = x:z
        #datapoints = 500
        residuals are weighted equally (unit weight)

function used for fitting: f(x)
	f(x) = a*exp(-x/l) + b
fitted parameters initialized with current variable values

iter      chisq       delta/lim  lambda   a             l             b            
   0 6.5915564546e+05   0.00e+00  5.78e-01    1.000000e+00   1.000000e+00   1.000000e+00
   8 6.4513218940e+03  -3.02e-01  5.78e-09    9.421720e+01   2.332186e+01   3.025468e+01

After 8 iterations the fit converged.
final sum of squares of residuals : 6451.32
rel. change during last iteration : -3.02001e-06

degrees of freedom    (FIT_NDF)                        : 497
rms of residuals      (FIT_STDFIT) = sqrt(WSSR/ndf)    : 3.60285
variance of residuals (reduced chisquare) = WSSR/ndf   : 12.9805

Final set of parameters            Asymptotic Standard Error
=======================            ==========================
a               = 94.2172          +/- 1.558        (1.654%)
l               = 23.3219          +/- 0.5637       (2.417%)
b               = 30.2547          +/- 0.1787       (0.5905%)

correlation matrix of the fit parameters:
                a      l      b      
a               1.000 
l              -0.687  1.000 
b               0.010 -0.321  1.000 


*******************************************************************************
Thu Sep 26 22:38:33 2019


FIT:    data read from "length.dat" u 1:3
        format = x:z
        #datapoints = 500
        residuals are weighted equally (unit weight)

function used for fitting: f(x)
	f(x) = a*exp(-x/l) + b
fitted parameters initialized with current variable values

iter      chisq       delta/lim  lambda   a             l             b            
   0 1.9251059042e+04   0.00e+00  2.01e+01    9.421720e+01   2.332186e+01   3.025468e+01
   5 1.2188368972e+04  -3.02e-01  2.01e-04    1.206727e+02   2.188076e+01   3.123714e+01

After 5 iterations the fit converged.
final sum of squares of residuals : 12188.4
rel. change during last iteration : -3.02088e-06

degrees of freedom    (FIT_NDF)                        : 497
rms of residuals      (FIT_STDFIT) = sqrt(WSSR/ndf)    : 4.95216
variance of residuals (reduced chisquare) = WSSR/ndf   : 24.5239

Final set of parameters            Asymptotic Standard Error
=======================            ==========================
a               = 120.673          +/- 2.217        (1.838%)
l               = 21.8808          +/- 0.5846       (2.672%)
b               = 31.2371          +/- 0.2439       (0.7806%)

correlation matrix of the fit parameters:
                a      l      b      
a               1.000 
l              -0.691  1.000 
b               0.011 -0.310  1.000 


*******************************************************************************
Thu Sep 26 22:44:39 2019


FIT:    data read from "length.dat" u 1:2
        format = x:z
        #datapoints = 500
        residuals are weighted equally (unit weight)

function used for fitting: f(x)
	f(x) = a*exp(-x/l) + b
fitted parameters initialized with current variable values

iter      chisq       delta/lim  lambda   a             l             b            
   0 8.3260779941e+05   0.00e+00  5.78e-01    1.000000e+00   1.000000e+00   1.000000e+00
  10 5.9643801371e+03  -9.67e-02  5.78e-11    1.348706e+02   1.628730e+01   3.406835e+01

After 10 iterations the fit converged.
final sum of squares of residuals : 5964.38
rel. change during last iteration : -9.66509e-07

degrees of freedom    (FIT_NDF)                        : 497
rms of residuals      (FIT_STDFIT) = sqrt(WSSR/ndf)    : 3.46421
variance of residuals (reduced chisquare) = WSSR/ndf   : 12.0008

Final set of parameters            Asymptotic Standard Error
=======================            ==========================
a               = 134.871          +/- 1.827        (1.355%)
l               = 16.2873          +/- 0.3138       (1.926%)
b               = 34.0683          +/- 0.1661       (0.4877%)

correlation matrix of the fit parameters:
                a      l      b      
a               1.000 
l              -0.705  1.000 
b               0.012 -0.264  1.000 
